android/app/build/intermediates/manifest_merge_blame_file/debug/manifest-merger-blame-debug-report.txt
1<?xml version="1.0" encoding="utf-8"?>
2<manifest xmlns:android="http://schemas.android.com/apk/res/android"
3    package="com.testauthlib"
4    android:versionCode="1"
5    android:versionName="1.0" >
6
7    <uses-sdk
8        android:minSdkVersion="21"
9        android:targetSdkVersion="30" />
10
11    <uses-permission android:name="android.permission.SYSTEM_ALERT_WINDOW" />
11-->src/main/AndroidManifest.xml:5:3-75
11-->src/main/AndroidManifest.xml:5:20-73
12    <uses-permission android:name="android.permission.INTERNET" />
12-->src/main/AndroidManifest.xml:3:3-64
12-->src/main/AndroidManifest.xml:3:20-62
13    <uses-permission android:name="android.permission.VIBRATE" /> <!-- These require runtime permissions on M -->
13-->src/main/AndroidManifest.xml:6:3-63
13-->src/main/AndroidManifest.xml:6:20-61
14    <uses-permission android:name="android.permission.READ_EXTERNAL_STORAGE" />
14-->src/main/AndroidManifest.xml:8:3-77
14-->src/main/AndroidManifest.xml:8:20-75
15    <uses-permission android:name="android.permission.WRITE_EXTERNAL_STORAGE" /> <!-- END OPTIONAL PERMISSIONS -->
15-->src/main/AndroidManifest.xml:9:3-78
15-->src/main/AndroidManifest.xml:9:20-76
16    <queries>
16-->src/main/AndroidManifest.xml:12:3-19:13
17
18        <!-- Support checking for http(s) links via the Linking API -->
19        <intent>
19-->src/main/AndroidManifest.xml:14:5-18:14
20            <action android:name="android.intent.action.VIEW" />
20-->src/main/AndroidManifest.xml:15:7-59
20-->src/main/AndroidManifest.xml:15:15-56
21
22            <category android:name="android.intent.category.BROWSABLE" />
22-->src/main/AndroidManifest.xml:16:7-68
22-->src/main/AndroidManifest.xml:16:17-65
23
24            <data android:scheme="https" />
24-->src/main/AndroidManifest.xml:17:7-38
24-->src/main/AndroidManifest.xml:17:13-35
25        </intent>
26        <!-- Query open documents -->
27        <intent>
27-->[:expo-file-system] AndroidManifest.xml:19:9-21:18
28            <action android:name="android.intent.action.OPEN_DOCUMENT_TREE" />
28-->[:expo-file-system] AndroidManifest.xml:20:13-79
28-->[:expo-file-system] AndroidManifest.xml:20:21-76
29        </intent>
30    </queries>
31
32    <uses-permission android:name="android.permission.ACCESS_WIFI_STATE" />
32-->[com.facebook.flipper:flipper:0.54.0] AndroidManifest.xml:16:5-76
32-->[com.facebook.flipper:flipper:0.54.0] AndroidManifest.xml:16:22-73
33    <uses-permission
33-->[:rn-local-authentication] AndroidManifest.xml:11:5-13:43
34        android:name="android.permission.USE_BIOMETRIC"
34-->[:rn-local-authentication] AndroidManifest.xml:12:9-56
35        android:requiredFeature="false" />
35-->[:rn-local-authentication] AndroidManifest.xml:13:9-40
36    <uses-permission android:name="android.permission.USE_FINGERPRINT" />
36-->[androidx.biometric:biometric:1.0.0] AndroidManifest.xml:25:5-74
36-->[androidx.biometric:biometric:1.0.0] AndroidManifest.xml:25:22-71
37    <uses-permission android:name="com.google.android.finsky.permission.BIND_GET_INSTALL_REFERRER_SERVICE" />
37-->[com.android.installreferrer:installreferrer:1.0] AndroidManifest.xml:9:5-110
37-->[com.android.installreferrer:installreferrer:1.0] AndroidManifest.xml:9:22-107
38
39    <application
39-->src/main/AndroidManifest.xml:21:3-31:17
40        android:name="com.testauthlib.MainApplication"
40-->src/main/AndroidManifest.xml:21:16-47
41        android:allowBackup="false"
41-->src/main/AndroidManifest.xml:21:162-189
42        android:appComponentFactory="androidx.core.app.CoreComponentFactory"
42-->[androidx.core:core:1.3.0] AndroidManifest.xml:24:18-86
43        android:debuggable="true"
44        android:icon="@mipmap/ic_launcher"
44-->src/main/AndroidManifest.xml:21:81-115
45        android:label="@string/app_name"
45-->src/main/AndroidManifest.xml:21:48-80
46        android:roundIcon="@mipmap/ic_launcher_round"
46-->src/main/AndroidManifest.xml:21:116-161
47        android:theme="@style/AppTheme"
47-->src/main/AndroidManifest.xml:21:190-221
48        android:usesCleartextTraffic="true" >
48-->src/main/AndroidManifest.xml:21:222-257
49        <meta-data
49-->src/main/AndroidManifest.xml:22:5-103
50            android:name="expo.modules.updates.EXPO_UPDATE_URL"
50-->src/main/AndroidManifest.xml:22:16-67
51            android:value="YOUR-APP-URL-HERE" />
51-->src/main/AndroidManifest.xml:22:68-101
52        <meta-data
52-->src/main/AndroidManifest.xml:23:5-112
53            android:name="expo.modules.updates.EXPO_SDK_VERSION"
53-->src/main/AndroidManifest.xml:23:16-68
54            android:value="YOUR-APP-SDK-VERSION-HERE" />
54-->src/main/AndroidManifest.xml:23:69-110
55
56        <activity
56-->src/main/AndroidManifest.xml:24:5-29:16
57            android:name="com.testauthlib.MainActivity"
57-->src/main/AndroidManifest.xml:24:15-43
58            android:configChanges="keyboard|keyboardHidden|orientation|screenSize|uiMode"
58-->src/main/AndroidManifest.xml:24:77-154
59            android:label="@string/app_name"
59-->src/main/AndroidManifest.xml:24:44-76
60            android:launchMode="singleTask"
60-->src/main/AndroidManifest.xml:24:155-186
61            android:theme="@style/Theme.App.SplashScreen"
61-->src/main/AndroidManifest.xml:24:230-275
62            android:windowSoftInputMode="adjustResize" >
62-->src/main/AndroidManifest.xml:24:187-229
63            <intent-filter>
63-->src/main/AndroidManifest.xml:25:7-28:23
64                <action android:name="android.intent.action.MAIN" />
64-->src/main/AndroidManifest.xml:26:9-60
64-->src/main/AndroidManifest.xml:26:17-58
65
66                <category android:name="android.intent.category.LAUNCHER" />
66-->src/main/AndroidManifest.xml:27:9-68
66-->src/main/AndroidManifest.xml:27:19-66
67            </intent-filter>
68        </activity>
69        <activity android:name="com.facebook.react.devsupport.DevSettingsActivity" />
69-->src/main/AndroidManifest.xml:30:5-81
69-->src/main/AndroidManifest.xml:30:15-79
70
71        <provider
71-->[:expo-file-system] AndroidManifest.xml:25:9-34:20
72            android:name="expo.modules.filesystem.FileSystemFileProvider"
72-->[:expo-file-system] AndroidManifest.xml:26:13-74
73            android:authorities="com.testauthlib.FileSystemFileProvider"
73-->[:expo-file-system] AndroidManifest.xml:27:13-74
74            android:exported="false"
74-->[:expo-file-system] AndroidManifest.xml:28:13-37
75            android:grantUriPermissions="true" >
75-->[:expo-file-system] AndroidManifest.xml:29:13-47
76            <meta-data
76-->[:expo-file-system] AndroidManifest.xml:31:13-33:70
77                android:name="android.support.FILE_PROVIDER_PATHS"
77-->[:expo-file-system] AndroidManifest.xml:32:17-67
78                android:resource="@xml/file_system_provider_paths" />
78-->[:expo-file-system] AndroidManifest.xml:33:17-67
79        </provider>
80
81        <meta-data
81-->[:expo-modules-core] AndroidManifest.xml:12:9-14:89
82            android:name="org.unimodules.core.AppLoader#react-native-headless"
82-->[:expo-modules-core] AndroidManifest.xml:13:13-79
83            android:value="expo.modules.adapters.react.apploader.RNHeadlessAppLoader" />
83-->[:expo-modules-core] AndroidManifest.xml:14:13-86
84
85        <activity
85-->[androidx.biometric:biometric:1.0.0] AndroidManifest.xml:28:9-31:67
86            android:name="androidx.biometric.DeviceCredentialHandlerActivity"
86-->[androidx.biometric:biometric:1.0.0] AndroidManifest.xml:29:13-78
87            android:exported="true"
87-->[androidx.biometric:biometric:1.0.0] AndroidManifest.xml:30:13-36
88            android:theme="@style/DeviceCredentialHandlerTheme" />
88-->[androidx.biometric:biometric:1.0.0] AndroidManifest.xml:31:13-64
89    </application>
90
91</manifest>